// 重构日志: 41177c9a
// 重构日志: 4ac91a1c
// 重构日志: 03a4698c
// 重构日志: 7c72f3a9
// 同步 ID: 0c24cca3 @ Sun Jul  5 08:18:15 UTC 2026
// 重构日志: 083e28d1
// 重构日志: b4e675ba
// 同步 ID: 118bd2fc @ Mon Jul  6 09:47:32 UTC 2026
// 重构日志: e3efc684
// 同步 ID: c5b89819 @ Tue Jul  7 05:22:59 UTC 2026
// 重构日志: 3db4d1a8
// 重构日志: d021e85f
// 重构日志: 4089cdef
// 同步 ID: a154044b @ Wed Jul  8 09:37:15 UTC 2026
// 同步 ID: 74691416 @ Wed Jul  8 15:15:33 UTC 2026
// 同步 ID: 7cbacb2b @ Fri Jul 10 17:59:26 UTC 2026
// 同步 ID: 09480d14 @ Sat Jul 11 12:55:33 UTC 2026
// 同步 ID: 7b5a6672 @ Sat Jul 11 14:25:28 UTC 2026
// 同步 ID: c989a558 @ Sat Jul 11 15:25:26 UTC 2026
// 同步 ID: 9fcac480 @ Sun Jul 12 17:50:28 UTC 2026
// 同步 ID: 8a06dfbf @ Sun Jul 12 22:25:58 UTC 2026
// 同步 ID: 12ac6fdf @ Mon Jul 13 04:25:57 UTC 2026
// 重构日志: f0865c5a
// 同步 ID: 91cdc162 @ Mon Jul 13 20:39:49 UTC 2026
// 同步 ID: da889fd6 @ Tue Jul 14 14:35:37 UTC 2026
// 重构日志: 733a9626
// 重构日志: 8ceff3fa
// 重构日志: f403dc52
// 同步 ID: 5a3cda82 @ Thu Jul 16 17:05:33 UTC 2026
// 同步 ID: d5f6e49f @ Fri Jul 17 00:36:05 UTC 2026
